This file contains any messages produced by compilers while
running configure, to aid debugging if configure makes a mistake.

configure:566: checking host system type
configure:612: checking for mawk
configure:643: checking for gcc
configure:720: checking whether the C compiler (gcc  ) works
configure:734: gcc -o conftest    conftest.c  1>&5
configure:731:1: warning: return type defaults to 'int' [-Wimplicit-int]
 main(){return(0);}
 ^
configure:754: checking whether the C compiler (gcc  ) is a cross-compiler
configure:759: checking whether we are using GNU C
configure:783: checking whether gcc accepts -g
configure:811: checking how to run the C preprocessor
configure:906: checking for a BSD compatible install
configure:956: checking whether ln -s works
configure:979: checking for ranlib
configure:1014: checking for cpp
configure:1053: checking for mtc
configure:1093: checking for GetImports
configure:1130: checking for prefix for reuse
configure:1152: checking for path to reuse definition modules
configure:1174: checking for path to reuse C header files
configure:1201: checking for path to libreuse.a
configure:1244: checking for System.h
configure:1284: checking for main in -lreuse
configure:1331: checking the version of reuse
configure:1362: checking for prefix for kpathsea
configure:1381: checking for path to kpathsea C header files
configure:1405: checking for path to libkpathsea.a
configure:1436: checking for kpse_path_search in -lkpathsea
configure:1488: checking for kpathsea/pathsearch.h
configure:1529: checking for kpse_init_path
configure:1529: checking for kpse_set_progname
configure:1529: checking for make_suffix
configure:1529: checking for extend_filename
configure:1529: checking for kpse_path_search
configure:1585: checking for kpathsea/init_path.h
configure:1585: checking for kpathsea/progname.h
configure:1585: checking for kpathsea/lib.h
configure:1624: checking for prefix for readline
configure:1643: checking for path to readline C header files
configure:1667: checking for path to libreadline.a
configure:1697: checking for tgetflag in -ltermcap
configure:1747: checking for termcap.h
configure:1786: checking for readline in -lreadline
configure:1838: checking for readline/readline.h
configure:1888: checking stack direction
configure:1938: checking for atexit
configure:1938: checking for on_exit
configure:1938: checking for raise
